<?xml version="1.0" encoding="UTF-8"?>
<!-- Generated by org.testng.reporters.JUnitReportReporter -->
<testsuite hostname="DESKTOP-AK72CGG" failures="0" tests="1" name="Git.AddUser" time="6.569" errors="0" timestamp="2023-05-11T22:38:27 PDT" skipped="0">
  <testcase classname="Git.AddUser" name="NewUser" time="6.569"/>
  <system-out/>
</testsuite> <!-- Git.AddUser -->
